<?xml version="1.0" encoding="utf-8"?><testsuites name="pytest tests"><testsuite name="pytest" errors="0" failures="0" skipped="0" tests="20" time="6.565" timestamp="2026-09-04T06:19:22.760273+00:00" hostname="agent-env-bb68f569-b25a-401e-9c89-222438de8aee"><testcase classname="tests.test_api.TestScan" name="test_scan_modes[swing]" time="0.268" /><testcase classname="tests.test_api.TestAnalyze" name="test_analyze_long_term" time="0.191" /><testcase classname="tests.test_api.TestAnalyze" name="test_analyze_swing_trade_setup" time="0.058" /><testcase classname="tests.test_api.TestAnalyze" name="test_analyze_intraday" time="0.060" /><testcase classname="tests.test_api.TestScan" name="test_scan_modes[long_term]" time="2.633" /><testcase classname="tests.test_api.TestAnalyze" name="test_analyze_invalid_symbol" time="0.092" /><testcase classname="tests.test_api.TestAnalyze" name="test_analyze_invalid_mode" time="0.060" /><testcase classname="tests.test_api.TestAnalyze" name="test_analyze_cache" time="0.221" /><testcase classname="tests.test_api.TestData" name="test_fundamentals" time="0.065" /><testcase classname="tests.test_api.TestData" name="test_news" time="0.067" /><testcase classname="tests.test_api.TestData" name="test_candles" time="0.072" /><testcase classname="tests.test_api.TestEvals" name="test_evals_run" time="0.459" /><testcase classname="tests.test_api.TestEvals" name="test_evals_latest" time="0.069" /><testcase classname="tests.test_api.TestSettings" name="test_get_settings" time="0.062" /><testcase classname="tests.test_api.TestSettings" name="test_put_settings_risk" time="0.184" /><testcase classname="tests.test_api.TestHealth" name="test_health" time="0.085" /><testcase classname="tests.test_api.TestMarket" name="test_market_overview" time="0.294" /><testcase classname="tests.test_api.TestPortfolio" name="test_portfolio" time="0.681" /><testcase classname="tests.test_api.TestScan" name="test_scan_modes[intraday]" time="1.534" /><testcase classname="tests.test_api.TestScan" name="test_scan_cache" time="1.461" /></testsuite></testsuites>